app/build/intermediates/manifest_merge_blame_file/debug/processDebugMainManifest/manifest-merger-blame-debug-report.txt
1<?xml version="1.0" encoding="utf-8"?>
2<manifest xmlns:android="http://schemas.android.com/apk/res/android"
3    package="com.google.android.youtube.pro"
4    android:versionCode="1"
5    android:versionName="3.98" >
6
7    <uses-sdk
8        android:minSdkVersion="21"
9        android:targetSdkVersion="36" />
10
11    <uses-permission android:name="android.permission.INTERNET" />
11-->src\main\AndroidManifest.xml:4:2-63
11-->src\main\AndroidManifest.xml:4:19-61
12    <uses-permission android:name="android.permission.POST_NOTIFICATIONS" />
12-->src\main\AndroidManifest.xml:5:2-74
12-->src\main\AndroidManifest.xml:5:19-71
13    <uses-permission android:name="android.permission.RECORD_AUDIO" />
13-->src\main\AndroidManifest.xml:6:2-68
13-->src\main\AndroidManifest.xml:6:19-65
14    <uses-permission android:name="android.permission.MODIFY_AUDIO_SETTINGS" />
14-->src\main\AndroidManifest.xml:7:2-77
14-->src\main\AndroidManifest.xml:7:19-74
15    <uses-permission
15-->src\main\AndroidManifest.xml:9:1-11:34
16        android:name="android.permission.READ_EXTERNAL_STORAGE"
16-->src\main\AndroidManifest.xml:10:5-60
17        android:maxSdkVersion="28" />
17-->src\main\AndroidManifest.xml:11:5-31
18    <uses-permission
18-->src\main\AndroidManifest.xml:13:1-15:34
19        android:name="android.permission.WRITE_EXTERNAL_STORAGE"
19-->src\main\AndroidManifest.xml:14:5-61
20        android:maxSdkVersion="28" />
20-->src\main\AndroidManifest.xml:15:5-31
21    <uses-permission android:name="android.permission.FOREGROUND_SERVICE" />
21-->src\main\AndroidManifest.xml:17:2-74
21-->src\main\AndroidManifest.xml:17:19-71
22    <uses-permission android:name="android.permission.FOREGROUND_SERVICE_MEDIA_PLAYBACK" />
22-->src\main\AndroidManifest.xml:18:2-89
22-->src\main\AndroidManifest.xml:18:19-86
23
24    <permission
24-->[androidx.core:core:1.13.0] AndroidManifest.xml:22:5-24:47
25        android:name="com.google.android.youtube.pro.DYNAMIC_RECEIVER_NOT_EXPORTED_PERMISSION"
25-->[androidx.core:core:1.13.0] AndroidManifest.xml:23:9-81
26        android:protectionLevel="signature" />
26-->[androidx.core:core:1.13.0] AndroidManifest.xml:24:9-44
27
28    <uses-permission android:name="com.google.android.youtube.pro.DYNAMIC_RECEIVER_NOT_EXPORTED_PERMISSION" />
28-->[androidx.core:core:1.13.0] AndroidManifest.xml:26:5-97
28-->[androidx.core:core:1.13.0] AndroidManifest.xml:26:22-94
29
30    <application
30-->src\main\AndroidManifest.xml:19:2-87:16
31        android:allowBackup="true"
31-->src\main\AndroidManifest.xml:20:3-29
32        android:appComponentFactory="androidx.core.app.CoreComponentFactory"
32-->[androidx.core:core:1.13.0] AndroidManifest.xml:28:18-86
33        android:debuggable="true"
34        android:extractNativeLibs="true"
35        android:icon="@mipmap/app_icon"
35-->src\main\AndroidManifest.xml:22:3-34
36        android:label="@string/app_name"
36-->src\main\AndroidManifest.xml:21:3-35
37        android:largeHeap="true"
37-->src\main\AndroidManifest.xml:24:3-27
38        android:roundIcon="@mipmap/app_icon"
38-->src\main\AndroidManifest.xml:23:3-39
39        android:theme="@style/AppTheme"
39-->src\main\AndroidManifest.xml:26:3-34
40        android:usesCleartextTraffic="true" >
40-->src\main\AndroidManifest.xml:25:3-38
41        <activity
41-->src\main\AndroidManifest.xml:27:3-54:14
42            android:name="com.google.android.youtube.pro.MainActivity"
42-->src\main\AndroidManifest.xml:28:4-32
43            android:configChanges="orientation|screenSize|keyboardHidden|smallestScreenSize|screenLayout"
43-->src\main\AndroidManifest.xml:29:4-97
44            android:exported="true"
44-->src\main\AndroidManifest.xml:33:25-48
45            android:hardwareAccelerated="true"
45-->src\main\AndroidManifest.xml:30:4-38
46            android:screenOrientation="unspecified"
46-->src\main\AndroidManifest.xml:34:4-43
47            android:supportsPictureInPicture="true"
47-->src\main\AndroidManifest.xml:31:4-43
48            android:theme="@style/AppTheme" >
48-->src\main\AndroidManifest.xml:32:11-42
49            <intent-filter>
49-->src\main\AndroidManifest.xml:35:4-38:20
50                <action android:name="android.intent.action.MAIN" />
50-->src\main\AndroidManifest.xml:36:5-56
50-->src\main\AndroidManifest.xml:36:13-54
51
52                <category android:name="android.intent.category.LAUNCHER" />
52-->src\main\AndroidManifest.xml:37:5-64
52-->src\main\AndroidManifest.xml:37:15-62
53            </intent-filter>
54            <intent-filter>
54-->src\main\AndroidManifest.xml:39:4-48:20
55                <action android:name="android.intent.action.VIEW" />
55-->src\main\AndroidManifest.xml:40:5-57
55-->src\main\AndroidManifest.xml:40:13-54
56
57                <category android:name="android.intent.category.DEFAULT" />
57-->src\main\AndroidManifest.xml:41:5-64
57-->src\main\AndroidManifest.xml:41:15-61
58                <category android:name="android.intent.category.BROWSABLE" />
58-->src\main\AndroidManifest.xml:42:5-66
58-->src\main\AndroidManifest.xml:42:15-63
59
60                <data android:scheme="http" />
60-->src\main\AndroidManifest.xml:43:5-35
60-->src\main\AndroidManifest.xml:43:11-32
61                <data android:scheme="https" />
61-->src\main\AndroidManifest.xml:43:5-35
61-->src\main\AndroidManifest.xml:43:11-32
62                <data android:host="youtube.com" />
62-->src\main\AndroidManifest.xml:43:5-35
62-->src\main\AndroidManifest.xml:45:11-37
63                <data android:host="*.youtube.com" />
63-->src\main\AndroidManifest.xml:43:5-35
63-->src\main\AndroidManifest.xml:45:11-37
64                <data android:host="youtu.be" />
64-->src\main\AndroidManifest.xml:43:5-35
64-->src\main\AndroidManifest.xml:45:11-37
65            </intent-filter>
66            <intent-filter>
66-->src\main\AndroidManifest.xml:49:4-53:20
67                <action android:name="android.intent.action.SEND" />
67-->src\main\AndroidManifest.xml:50:5-57
67-->src\main\AndroidManifest.xml:50:13-54
68
69                <category android:name="android.intent.category.DEFAULT" />
69-->src\main\AndroidManifest.xml:41:5-64
69-->src\main\AndroidManifest.xml:41:15-61
70
71                <data android:mimeType="text/plain" />
71-->src\main\AndroidManifest.xml:43:5-35
71-->src\main\AndroidManifest.xml:52:11-40
72            </intent-filter>
73        </activity>
74        <activity
74-->src\main\AndroidManifest.xml:55:3-78:14
75            android:name="com.google.android.youtube.pro.DownloadFromIntentFilter"
75-->src\main\AndroidManifest.xml:56:4-44
76            android:configChanges="orientation|screenSize|keyboardHidden|smallestScreenSize|screenLayout"
76-->src\main\AndroidManifest.xml:57:4-97
77            android:exported="true"
77-->src\main\AndroidManifest.xml:61:4-27
78            android:hardwareAccelerated="true"
78-->src\main\AndroidManifest.xml:58:4-38
79            android:screenOrientation="unspecified"
79-->src\main\AndroidManifest.xml:62:4-43
80            android:supportsPictureInPicture="true"
80-->src\main\AndroidManifest.xml:59:4-43
81            android:theme="@style/AppTheme" >
81-->src\main\AndroidManifest.xml:60:4-35
82            <intent-filter android:label="@string/dl" >
82-->src\main\AndroidManifest.xml:39:4-48:20
82-->src\main\AndroidManifest.xml:63:19-45
83                <action android:name="android.intent.action.VIEW" />
83-->src\main\AndroidManifest.xml:40:5-57
83-->src\main\AndroidManifest.xml:40:13-54
84
85                <category android:name="android.intent.category.DEFAULT" />
85-->src\main\AndroidManifest.xml:41:5-64
85-->src\main\AndroidManifest.xml:41:15-61
86                <category android:name="android.intent.category.BROWSABLE" />
86-->src\main\AndroidManifest.xml:42:5-66
86-->src\main\AndroidManifest.xml:42:15-63
87
88                <data android:scheme="http" />
88-->src\main\AndroidManifest.xml:43:5-35
88-->src\main\AndroidManifest.xml:43:11-32
89                <data android:scheme="https" />
89-->src\main\AndroidManifest.xml:43:5-35
89-->src\main\AndroidManifest.xml:43:11-32
90                <data android:host="youtube.com" />
90-->src\main\AndroidManifest.xml:43:5-35
90-->src\main\AndroidManifest.xml:45:11-37
91                <data android:host="*.youtube.com" />
91-->src\main\AndroidManifest.xml:43:5-35
91-->src\main\AndroidManifest.xml:45:11-37
92                <data android:host="youtu.be" />
92-->src\main\AndroidManifest.xml:43:5-35
92-->src\main\AndroidManifest.xml:45:11-37
93            </intent-filter>
94            <intent-filter android:label="@string/dl" >
94-->src\main\AndroidManifest.xml:49:4-53:20
94-->src\main\AndroidManifest.xml:73:19-45
95                <action android:name="android.intent.action.SEND" />
95-->src\main\AndroidManifest.xml:50:5-57
95-->src\main\AndroidManifest.xml:50:13-54
96
97                <category android:name="android.intent.category.DEFAULT" />
97-->src\main\AndroidManifest.xml:41:5-64
97-->src\main\AndroidManifest.xml:41:15-61
98
99                <data android:mimeType="text/plain" />
99-->src\main\AndroidManifest.xml:43:5-35
99-->src\main\AndroidManifest.xml:52:11-40
100            </intent-filter>
101        </activity>
102
103        <service
103-->src\main\AndroidManifest.xml:79:3-84:6
104            android:name="com.google.android.youtube.pro.ForegroundService"
104-->src\main\AndroidManifest.xml:80:4-37
105            android:enabled="true"
105-->src\main\AndroidManifest.xml:81:4-26
106            android:exported="true"
106-->src\main\AndroidManifest.xml:82:4-27
107            android:foregroundServiceType="mediaPlayback" />
107-->src\main\AndroidManifest.xml:83:4-49
108
109        <receiver android:name="com.google.android.youtube.pro.utils.NotificationActionReceiver" />
109-->src\main\AndroidManifest.xml:86:3-63
109-->src\main\AndroidManifest.xml:86:13-61
110
111        <provider
111-->[androidx.emoji2:emoji2:1.3.0] AndroidManifest.xml:24:9-32:20
112            android:name="androidx.startup.InitializationProvider"
112-->[androidx.emoji2:emoji2:1.3.0] AndroidManifest.xml:25:13-67
113            android:authorities="com.google.android.youtube.pro.androidx-startup"
113-->[androidx.emoji2:emoji2:1.3.0] AndroidManifest.xml:26:13-68
114            android:exported="false" >
114-->[androidx.emoji2:emoji2:1.3.0] AndroidManifest.xml:27:13-37
115            <meta-data
115-->[androidx.emoji2:emoji2:1.3.0] AndroidManifest.xml:29:13-31:52
116                android:name="androidx.emoji2.text.EmojiCompatInitializer"
116-->[androidx.emoji2:emoji2:1.3.0] AndroidManifest.xml:30:17-75
117                android:value="androidx.startup" />
117-->[androidx.emoji2:emoji2:1.3.0] AndroidManifest.xml:31:17-49
118            <meta-data
118-->[androidx.lifecycle:lifecycle-process:2.6.2] AndroidManifest.xml:29:13-31:52
119                android:name="androidx.lifecycle.ProcessLifecycleInitializer"
119-->[androidx.lifecycle:lifecycle-process:2.6.2] AndroidManifest.xml:30:17-78
120                android:value="androidx.startup" />
120-->[androidx.lifecycle:lifecycle-process:2.6.2] AndroidManifest.xml:31:17-49
121            <meta-data
121-->[androidx.profileinstaller:profileinstaller:1.3.1] AndroidManifest.xml:29:13-31:52
122                android:name="androidx.profileinstaller.ProfileInstallerInitializer"
122-->[androidx.profileinstaller:profileinstaller:1.3.1] AndroidManifest.xml:30:17-85
123                android:value="androidx.startup" />
123-->[androidx.profileinstaller:profileinstaller:1.3.1] AndroidManifest.xml:31:17-49
124        </provider>
125
126        <receiver
126-->[androidx.profileinstaller:profileinstaller:1.3.1] AndroidManifest.xml:34:9-52:20
127            android:name="androidx.profileinstaller.ProfileInstallReceiver"
127-->[androidx.profileinstaller:profileinstaller:1.3.1] AndroidManifest.xml:35:13-76
128            android:directBootAware="false"
128-->[androidx.profileinstaller:profileinstaller:1.3.1] AndroidManifest.xml:36:13-44
129            android:enabled="true"
129-->[androidx.profileinstaller:profileinstaller:1.3.1] AndroidManifest.xml:37:13-35
130            android:exported="true"
130-->[androidx.profileinstaller:profileinstaller:1.3.1] AndroidManifest.xml:38:13-36
131            android:permission="android.permission.DUMP" >
131-->[androidx.profileinstaller:profileinstaller:1.3.1] AndroidManifest.xml:39:13-57
132            <intent-filter>
132-->[androidx.profileinstaller:profileinstaller:1.3.1] AndroidManifest.xml:40:13-42:29
133                <action android:name="androidx.profileinstaller.action.INSTALL_PROFILE" />
133-->[androidx.profileinstaller:profileinstaller:1.3.1] AndroidManifest.xml:41:17-91
133-->[androidx.profileinstaller:profileinstaller:1.3.1] AndroidManifest.xml:41:25-88
134            </intent-filter>
135            <intent-filter>
135-->[androidx.profileinstaller:profileinstaller:1.3.1] AndroidManifest.xml:43:13-45:29
136                <action android:name="androidx.profileinstaller.action.SKIP_FILE" />
136-->[androidx.profileinstaller:profileinstaller:1.3.1] AndroidManifest.xml:44:17-85
136-->[androidx.profileinstaller:profileinstaller:1.3.1] AndroidManifest.xml:44:25-82
137            </intent-filter>
138            <intent-filter>
138-->[androidx.profileinstaller:profileinstaller:1.3.1] AndroidManifest.xml:46:13-48:29
139                <action android:name="androidx.profileinstaller.action.SAVE_PROFILE" />
139-->[androidx.profileinstaller:profileinstaller:1.3.1] AndroidManifest.xml:47:17-88
139-->[androidx.profileinstaller:profileinstaller:1.3.1] AndroidManifest.xml:47:25-85
140            </intent-filter>
141            <intent-filter>
141-->[androidx.profileinstaller:profileinstaller:1.3.1] AndroidManifest.xml:49:13-51:29
142                <action android:name="androidx.profileinstaller.action.BENCHMARK_OPERATION" />
142-->[androidx.profileinstaller:profileinstaller:1.3.1] AndroidManifest.xml:50:17-95
142-->[androidx.profileinstaller:profileinstaller:1.3.1] AndroidManifest.xml:50:25-92
143            </intent-filter>
144        </receiver>
145    </application>
146
147</manifest>